205	"北京市门头沟区门城地区大峪门诊"
203	"北京市门头沟区门矿医院"
239	"丰台区太平桥社区卫生服务中心"
238	"北京市丰台区二七北社区卫生服务中心"
206	"北京市门头沟区妙峰山镇社区中心"
2983	"北京市海淀区聂各庄卫生院"
3655	"北京市海淀区北安河社区卫生服务中心"
2991	"北京市海淀区苏家坨镇社区卫生服务中心"
204	"北京市门头沟区京煤集团总医院"
208	"北京市门头沟区三家店社区站"
207	"北京市门头沟区葡东社区站"
209	"北京市门头沟区永定社区卫生服务中心"
190	"北京市石景山区广宁社区中心"
3405	"北京海淀区温泉镇社区卫生服务中心"
191	"北京市石景山区金顶街社区卫生服务中心"
4471	"北京海淀西北旺社区卫生服务中心"
189	"北京市石景山区古城卫生服务中心"
196	"北京市石景山区西黄村社区卫生服务中心"
188	"北京市石景山区八角中医院"
3406	"北京海淀区上地社区卫生服务中心"
2993	"北京市海淀区香山社区卫生服务中心"
2996	"海淀区青龙桥社区卫生服务中心"
195	"北京市石景山区石景山医院"
193	"北京市石景山区鲁谷社区卫生服务中心"
192	"北京市石景山区老山门诊"
2995	"海淀区田村路社区卫生服务中心"
187	"北京市石景山区八宝山第二社区门诊"
2984	"北京市海淀区永定路社区卫生服务中心"
6436	"北京市上地医院"
533	"北京房山区长阳镇恭和社区卫生服务中心"
2997	"北京市海淀区海淀妇幼保健院"
3395	"北京海淀区清河社区卫生服务中心"
2998	"北京大学医院预防保健科"
2994	"海淀区双榆树社区卫生服务中心"
4729	"北京市海淀区北京外国语大学"
2981	"北京市海淀区东升镇社区卫生服务中心"
2990	"北京市海淀区北京圣宝妇产医院"
2992	"北京市海淀区学院路社区卫生服务中心"
2982	"海淀区蓟门里社区卫生服务中心"
2989	"北京市海淀区西三旗社区卫生服务中心"
4472	"北京海淀羊坊店社区卫生服务中心"
202	"北京市西城区新街口社区卫生服务中心"
2986	"北京市海淀区北太平庄社区卫生服务中心"
2985	"北京市海淀区花园路社区卫生服务中心"
201	"北京市西城区西长安社区卫生服务中心"
199	"北京市西城区金融街社区卫生服务中心"
198	"北京市西城区德胜门社区卫生服务中心"
197	"北京市西城区北京大学第一医院妇儿门诊"
200	"北京市西城区什刹海社区卫生服务中心"
3408	"北京市丰台区鑫福里社区卫生服务中心"
3409	"北京市丰台区木材厂职工医院"
