166	"石家庄市桥西区3302社区卫生服务中心"
154	"石家庄市桥西区玫瑰园社区卫生服务站"
153	"石家庄市桥西区海龙社区卫生服务站"
115	"石家庄市鹿泉区疾病预防控制中心"
237	"保定市安国市县直门诊"
5554	"保定市阜平龙泉关卫生院"
5558	"保定市阜平天生桥卫生院"
5556	"保定市阜平吴王口卫生院"
5549	"保定市阜平夏庄卫生院"
5551	"保定市阜平砂窝卫生院"
4822	"张家口桥西区人民医院"
6387	"大境门社区卫生服务中心"
4730	"张家口市经开区沈家屯镇卫生院"
4823	"张家口经开区老鸦庄卫生院"
5999	"阜平县医院"
4824	"张家口经开区马路东社区卫生服务中心"
5562	"保定市阜平妇幼保健计划生育服务中心"
5555	"保定市阜平城南庄卫生院"
5531	"保定市阜平阜平镇卫生院"
5553	"保定市阜平史家寨卫生院"
5561	"保定市阜平中医医院"
5530	"保定市阜平中医医院接种门诊"
6450	"石家庄市井陉县南陉乡卫生院"
5636	"保定市涞源水堡镇卫生院"
5349	"石家庄市井陉矿区贾庄镇中心卫生院"
5351	"石家庄市井陉矿区凤山镇卫生院"
5559	"保定市阜平大台卫生院"
1801	"石家庄市井陉矿区矿市街道社区卫生服务中心"
5550	"保定市阜平北果园卫生院"
5350	"石家庄市井陉矿区横涧乡卫生院"
5560	"保定市阜平王林口卫生院"
5641	"保定市涞源马庄乡卫生院"
4626	"石家庄市平山县妇幼院桥西接种门诊"
1929	"石家庄市平山镇卫生院桥东接种门诊"
3379	"石家庄市平山县平山镇卫生院"
16	"石家庄平山县疾控中心门诊"
5640	"保定市涞源留家庄乡卫生院"
120	"石家庄市井陉县县医院预防接种门诊"
5638	"保定市涞源北石佛乡卫生院"
5557	"保定市阜平台峪卫生院"
5645	"保定市涞源金家井乡卫生院"
3417	"邯郸涉县涉城镇卫生院预防接种门诊"
702	"邯郸市涉县妇幼保健院"
5642	"保定市涞源走马驿中心卫生院"
3418	"邯郸涉县善谷医院"
5552	"保定市阜平平阳卫生院"
5637	"保定市涞源涞源镇中心卫生院"
5649	"保定市涞源白石山镇卫生院"
5173	"保定市涞源县妇幼保健院接种门诊"
5174	"保定市涞源县中医院接种门诊"
5643	"保定市涞源上庄乡中心卫生院"
