6517	"临汾市尧都区医疗集团枕头乡卫生院"
2054	"运城市永济市城东街道社区卫生服务中心"
4792	"临汾市乡宁县昌宁镇卫生院"
6385	"临猗县妇幼保健计划生育服务中心接种门诊"
6518	"临汾市尧都区医疗集团河底乡卫生院"
1513	"娄烦县疾控中心狂犬病暴露处置门诊"
5161	"忻州静乐县鹅城镇卫生院中医院预防接种门诊"
4624	"运城市盐湖区东城办事处高家垣社区卫生服务站"
2053	"运城市新绛县城区门诊"
6516	"临汾市尧都区医疗集团一平垣乡卫生院"
6508	"临汾市尧都区医疗集团金殿镇卫生院"
6507	"临汾市尧都区医疗集团刘村镇卫生院"
6510	"临汾市尧都区医疗集团土门镇卫生院"
6511	"临汾市尧都区医疗集团魏村镇卫生院"
1194	"大同市左云县太原小京庄乡卫生院"
1190	"大同市左云县三屯中心卫生院"
1182	"大同市左云县云兴镇卫生院"
6502	"临汾市尧都区汾河办事处社区卫生服务中心"
6512	"临汾市尧都区医疗集团尧庙镇卫生院"
1189	"大同左云县威鲁卫生院"
4793	"临汾市侯马市新田乡卫生院"
6496	"临汾市尧都区乡贤街办事处社区卫生服务中心"
6492	"临汾市尧都区解放路办事处社区卫生服务中心"
6493	"临汾市尧都区医疗集团西街办事处社区卫生服务中心"
6494	"临汾市尧都区水塔街办事处社区卫生服务中心"
6495	"临汾市尧都区医疗集团南街办事处社区卫生服务中心"
6509	"临汾市尧都区医疗集团吴村镇卫生院"
6503	"临汾市尧都区医疗集团屯里镇卫生院"
2051	"临汾市尧都区滨河社区卫生服务中心"
6501	"车站街社区卫生服务中心"
6497	"临汾市尧都区辛寺街办事处社区卫生服务中心"
4165	"晋中灵石县北城社区卫生服务站"
6514	"临汾市尧都区医疗集团贾得乡卫生院"
6500	"临汾市尧都区临钢一社区卫生服务站"
6498	"临汾市尧都区路东办事处社区卫生服务中心"
4166	"晋中灵石县东城社区卫生服务站"
1191	"大同左云县张家场乡卫生院"
1188	"大同市左云县管家堡乡卫生院"
4794	"临汾市霍州市霍州市南环社区卫生服务站"
6499	"临汾市尧都区路东第二社区卫生服务中心"
1193	"大同市左云县马道头中心卫生院"
6513	"临汾市尧都区医疗集团段店乡卫生院"
6506	"临汾市尧都区医疗集团县底镇卫生院"
1529	"太原市古交市中心医院急诊科"
6504	"临汾市尧都区医疗集团乔李镇卫生院"
4789	"临汾市曲沃县乐昌镇卫生院"
1187	"大同市左云县左云县店湾镇卫生院"
1186	"大同市左云县马口矿医院"
1185	"大同市左云县店湾镇卫生院"
4169	"晋中介休市北坛社区卫生服务中心"
1516	"太原市古交市东曲新村街社区卫生服务站   "
