417	"长春农安县永安乡卫生院预防接种门诊"
402	"长春农安县伏龙泉镇卫生院预防预防接种门诊"
409	"长春农安县三盛玉镇卫生院预防接种门诊"
410	"长春农安县杨树林乡卫生院预防接种门诊"
401	"长春农安县伏龙泉镇新阳预防接种门诊"
404	"长春农安县巴吉垒镇卫生院预防接种门诊"
393	"长春农安县万顺乡卫生院预防接种门诊"
416	"长春农安县哈拉海镇卫生院预防接种门诊"
415	"长春农安县哈拉海镇柴岗卫生院预防接种门诊"
399	"长春农安县三岗乡卫生院预防接种门诊"
396	"长春农安县高家店镇卫生院预防预防接种门诊"
411	"长春农安县小城子乡卫生院预防接种门诊"
395	"长春农安县龙王乡卫生院预防接种门诊"
388	"长春农安古城社区卫生服务中心预防接种门诊"
389	"长春农安县宝塔社区卫生服务中心预防接种门诊"
390	"长春农安县农安镇榛柴卫生院预防接种门诊"
394	"长春农安县黄鱼圈乡卫生院预防接种门诊"
397	"长春农安县青山乡卫生院预防预防接种门诊"
392	"长春农安县德彪社区卫生服务中心预防接种门诊"
391	"长春农安县农安镇三宝预防接种门诊"
386	"长春农安县黄龙社区卫生服务中心预防接种门诊"
412	"长春农安县华家乡卫生院预防接种门诊"
387	"长春农安镇滨河卫生院预防接种门诊"
407	"长春农安县开安镇刘家卫生院预防接种门诊"
413	"长春农安县万金塔乡卫生院预防接种门诊"
414	"长春农安县烧锅乡卫生院预防接种门诊"
403	"长春农安县新农乡卫生院预防预防接种门诊"
405	"长春农安县前岗乡卫生院预防接种门诊"
408	"长春农安县开安镇卫生院预防接种门诊"
398	"长春农安县靠山镇卫生院预防预防接种门诊"
462	"长春德惠市郭家镇预防接种门诊"
469	"长春德惠市天台镇卫生院预防接种门诊"
406	"长春农安县前岗乡鲍家预防接种门诊"
400	"长春农安县合隆镇卫生院预防预防接种门诊"
312	"长春市绿园区合心镇卫生院预防接种门诊"
472	"长春德惠市边岗乡卫生院预防接种门诊"
480	"长春德惠市万宝镇卫生院预防接种门诊"
281	"长春宽城区兰家乡卫生院"
471	"长春德惠市同太乡卫生院预防接种门诊"
314	"长春市绿园区城西镇卫生院预防接种门诊"
478	"长春德惠市米沙子镇三胜卫生院预防接种门诊"
470	"长春德惠市同太乡和平卫生院预防接种门诊"
474	"长春德惠市菜园子镇卫生院预防接种门诊"
3945	"长春市绿园区康城社区卫生服务站"
479	"长春德惠市建设社区卫生服务中心预防接种门诊"
313	"长春市绿园区西新镇卫生院预防接种门诊"
309	"长春市绿园区同心社区卫生服务中心预防接种门诊"
344	"长春汽车厂区新兴社区卫生服务中心预防接种门诊"
343	"长春汽车厂区飞跃社区卫生服务中心预防接种门诊"
295	"长春市朝阳区富锋社区卫生服务中心"
5171	"长春市绿园区同心第二社区卫生服务中心"
