2528	"徐州市沛县鸳楼卫生院"
2517	"常州市沛县龙固镇卫生院"
2524	"徐州市沛县杨屯镇卫生院"
2520	"徐州市沛县煤炭公司"
2525	"徐州市沛县郝寨镇卫生院"
2523	"徐州市沛县大屯卫生院"
2518	"徐州市沛县城关镇卫生服务中心"
2519	"徐州市沛县城镇卫生院"
2526	"徐州市沛县城南卫生服务中心"
2521	"徐州市沛县靖安卫生院"
2529	"徐州市铜山区何桥医院"
2522	"徐州市沛县胡寨镇卫生院"
2527	"徐州市沛县张庄卫生院"
5425	"徐州泉山区庞庄社区卫生服务中心"
5423	"徐州泉山区城北社区卫生服务中心"
5415	"徐州泉山区城西社区卫生服务中心"
5426	"徐州泉山区开元社区卫生服务中心"
5417	"徐州泉山区西苑社区卫生服务中心"
5420	"徐州泉山区段庄社区卫生服务中心"
5414	"徐州泉山区和平社区卫生服务中心"
5422	"徐州泉山区湖滨社区卫生服务中心"
5416	"徐州泉山区泉山社区卫生服务中心"
5421	"徐州泉山区永安社区卫生服务中心"
5427	"徐州泉山区奎山社区卫生服务中心"
2530	"徐州市铜山区何桥医院"
5418	"徐州泉山区泰山南社区卫生服务中心"
5428	"徐州泉山区翟山社区卫生服务中心"
5424	"徐州泉山区泰山社区卫生服务中心"
5419	"徐州泉山区城南社区卫生服务中心"
4655	"徐州邳州四院防保站"
4658	"徐州邳州开发区防保站"
4657	"徐州邳州二院防保站"
2533	"徐州市邳州市开发区医院"
2531	"徐州市邳州市四院"
2532	"徐州市邳州市三院"
4656	"徐州邳州三院防保站"
4681	"宿迁宿城区王官集医院"
4632	"宿迁宿城区蔡集医院"
4465	"宿迁宿城区耿车卫计中心"
4233	"宿城区妇幼保健所预防接种门诊"
4642	"宿迁宿城区龙河医院"
1497	"宿迁宿城区古城卫计中心"
4679	"宿迁宿城区河滨卫计中心"
4649	"宿迁宿豫区晓店医院"
4173	"宿迁宿城区双庄卫计中心"
4680	"宿迁宿城区项里卫计中心"
3056	"宿迁宿城区中西医结合医院"
4217	"宿迁宿城区埠子医院"
4647	"宿迁宿豫区豫新医院"
4654	"宿迁宿豫区塘湖医院"
4653	"宿迁宿豫区下项街道卫计中心"
