4232	"阜阳市界首市疾控中心预防接种门诊"
3117	"亳州谯城区薛阁社区卫生服务中心"
3118	"亳州谯城区汤陵社区卫生服务中心"
3119	"亳州谯城区亳州兴华医院预防接种门诊"
3158	"宿州市砀山疾控中心门诊"
3157	"宿州市砀山砀城镇卫生院预防接种门诊"
3156	"宿州市砀山砀城社区服务中心"
5489	"亳州市涡阳县中医院接种门诊"
4781	"亳州市涡阳县人民医院预防接种门诊"
3113	"亳州涡阳县涡北社区卫生服务中心"
3111	"亳州涡阳县城关社区卫生服务中心"
3112	"亳州涡阳县城东社区卫生服务中心"
3110	"亳州利辛县城北社区卫生服务中心"
3109	"亳州利辛县城关镇卫生院"
3108	"亳州利辛县城西社区卫生服务中心"
3184	"六安市叶集区城关镇中心卫生院门诊"
3189	"六安市金寨县梅山镇中心卫生院门诊"
3116	"亳州蒙城县辛集卫生院"
3114	"蒙城县城关社区卫生服务中心一门诊"
3115	"亳州蒙城县庄周社区卫生服务中心"
3186	"六安市霍邱县疾病预防控制中心门诊"
3154	"宿州市萧县丁里镇卫生院预防接种门诊"
3153	"宿州市萧县龙城镇卫生院预防接种门诊"
3155	"宿州市萧县永固镇卫生院预防接种门诊"
3148	"宿州市埇桥区符离镇卫生院"
3146	"宿州市埇桥区南关防保所"
3149	"宿州市埇桥区曹村医院"
3185	"淮南市寿县城关镇中心卫生院门诊"
3188	"六安市霍山县霍山县衡山镇卫生院"
3179	"六安市裕安区新安镇预防接种门诊"
3181	"六安市裕安区平桥乡中心卫生院门诊"
3180	"六安市裕安区小华山街道社区卫生服务中心门诊"
3147	"宿州市埇桥区朱仙庄镇卫生院"
3182	"六安市金安区清水河街道社区卫生服务中心门诊"
3183	"六安市金安区开发区社区卫生服务中心门诊"
3170	"安庆市宿松县妇幼保健院"
3145	"宿州市灵璧县浍沟卫生院接种门诊"
3174	"蚌埠市禹会区绿地社区"
3172	"蚌埠市淮上区小蚌埠镇卫生院"
3143	"宿州市灵璧县灵城卫生院接种门诊"
3173	"蚌埠市蚌山区蚌埠市疾控门诊"
3171	"安庆市望江县雅滩镇中心卫生院"
3144	"宿州市灵璧县冯庙卫生院接种门诊"
3187	"六安市舒城县城关镇中心卫生院门诊"
3789	"合肥市高新区永和社区卫生服务中心"
3638	"滁州市凤阳县府城镇中心卫生院"
3788	"合肥蜀山区荷叶地街道社区卫生服务中心"
3787	"合肥蜀山区疾病预防控制中心"
3782	"合肥市庐阳区海棠街道社区卫生服务中心"
4021	"合肥包河区芜湖路街道社区卫生服务中心"
3781	"安徽省立医院"
