1949	"龙岩市武平县城区社区卫生服务中心"
1956	"龙岩市长汀县大同社区卫生服务中心"
1958	"龙岩市长汀县濯田中心卫生院"
1957	"龙岩市长汀县汀州社区卫生服务中心"
1947	"龙岩市上杭临城卫生院"
1948	"龙岩市上杭南阳卫生院"
1954	"龙岩市永定高陂卫生院"
1955	"龙岩市永定抚市卫生院"
1952	"龙岩市新罗区东城社区卫生服务中心"
1951	"龙岩市新罗区曹溪社区卫生服务中心"
1950	"龙岩市新罗区西城社区卫生服务中心"
1953	"龙岩市新罗区东肖社区卫生服务中心"
2045	"漳州市诏安深桥卫生院"
2031	"漳州市平和县城关社区卫生服务中心"
2044	"漳州市诏安南诏社区卫生服务中心"
2032	"漳州市平和县山格镇卫生院"
2029	"漳州市南靖县山城镇社区卫生服务中心"
2037	"漳州市云霄云陵社区卫生服务中心"
2038	"漳州市云霄莆美卫生院"
2030	"漳州市南靖县靖城中心卫生院"
2040	"漳州市漳浦县盘陀卫生院"
2035	"漳州市芗城区上墩卫生院"
1818	"南平市延平区四鹤街道社区卫生服务中心"
2036	"漳州市芗城区通北社区卫生服务中心"
2033	"漳州市芗城区东铺头社区卫生服务中心"
2034	"漳州市芗城区巷口街道社区卫生服务中心"
2026	"漳州市龙文区步文社区卫生服务中心"
6383	"漳州市妇幼保健院"
2027	"漳州市龙文区朝阳社区卫生服务中心"
2043	"漳州市长泰县武安社区卫生服务中心"
2025	"漳州市龙文区蓝田社区卫生服务中心"
2041	"漳州市漳浦县古雷卫生院"
2039	"漳州市漳浦县旧镇卫生院"
2022	"漳州市龙海市榜山卫生院"
2021	"漳州市龙海市海澄卫生院"
2005	"厦门市海沧区东孚镇卫生院"
2001	"泉州市永春县达埔卫生院"
1968	"泉州市安溪县金谷卫生院"
2011	"厦门市集美区灌口中心卫生院"
1969	"泉州市安溪县龙门中心卫生院"
2042	"漳州市漳浦县佛昙卫生院"
2013	"厦门市集美区后溪镇卫生院"
1970	"泉州市德化浔中镇社区卫生服务中心"
2003	"厦门市海沧区新阳街道社区卫生服务中心"
2692	"厦门市同安区莲花卫生院"
2004	"厦门市海沧区石塘社区卫生服务中心"
2010	"厦门市集美区杏林街道社区卫生服务中心"
2024	"漳州市龙海市港尾卫生院"
2002	"厦门市海沧区嵩屿街道社区卫生服务中心"
1967	"泉州市安溪县城厢卫生院"
1966	"泉州市安溪县城关社区卫生计生服务中心"
