1573	"河南省灵宝市疾病预防控制中心门诊"
1572	"河南省三门峡市陕州区疾病预防控制中心门诊"
1570	"河南省三门峡市疾病预防控制中心门诊"
1571	"河南省三门峡市湖滨区疾病预防控制中心门诊"
1576	"河南省卢氏县疾病预防控制中心门诊"
1243	"河南省三门峡卢氏县疾控中心门诊"
1575	"三门峡渑池县疾病预防控制中心门诊"
3637	"南阳市西峡县CDC门诊"
1574	"三门峡市义马市疾病预防控制中心门诊"
4467	"洛阳宜阳县锦屏镇卫生院预防接种门诊"
2662	"洛阳市涧西区长安路社区卫生服务中心"
2663	"洛阳市涧西区南昌路社区卫生服务中心"
2664	"洛阳市西工区金谷园社区卫生服务中心"
1845	"洛阳市洛龙科技园社区卫生服务中心"
5127	"洛阳洛龙古城乡卫生院预防接种门诊"
1625	"洛阳西工凯东社区卫生服务中心"
4728	"济源市人民医院北海社区卫生服务中心"
5241	"洛阳市洛龙区安乐镇卫生院"
1844	"洛阳市洛龙区开元东社区卫生服务中心"
4727	"济源市妇幼保健院"
4468	"洛阳洛龙区和光园社区卫生服务中心"
4469	"洛阳洛龙区翠云路社区卫生服务中心"
6052	"洛阳市妇幼保健院"
5126	"洛阳洛龙龙门镇卫生院预防接种门诊"
6360	"洛阳市洛龙区龙门社区卫生服务中心"
4470	"洛阳洛龙区关林社区卫生服务中心"
5239	"洛阳市洛龙区关林镇卫生院"
5242	"洛阳市洛龙区李楼乡卫生院"
5240	"洛阳市洛龙区白马寺镇卫生院"
3469	"平顶山鲁山县尧山镇卫生院预防接种门诊"
6038	"南阳市邓州市疾病预防控制中心"
3473	"平顶山鲁山县赵村镇卫生院预防接种门诊"
2655	"焦作孟州市河阳卫生院"
1667	"偃师市迎宾社区卫生服务中心"
3484	"平顶山市鲁山县土门卫生院预防接种门诊"
3478	"平顶山市鲁山县背孜乡卫生院预防接种门诊"
2656	"焦作沁阳市沁园社区联盟医院"
3448	"平顶山鲁山县四棵树乡卫生院预防接种门诊"
3444	"平顶山鲁山县瓦屋镇卫生院预防接种门诊"
2652	"焦作博爱县清化镇卫生院"
3468	"董周乡卫生院预防接种门诊"
1680	"南阳市卧龙区南石医院"
3474	"平顶山鲁山县下汤镇卫生院预防接种门诊"
3449	"平顶山鲁山县观音寺乡卫生院预防接种门诊"
1677	"南阳市卧龙岗街道社区卫生服务中心"
3481	"平顶山市鲁山县团城乡卫生院预防接种门诊"
3488	"平顶山市宝丰县观音堂乡卫生院预防接种门诊"
1678	"南阳市卧龙区中心门诊"
1679	"南阳市卧龙区妇婴医院"
1809	"南阳市宛城区疾病预防控制中心汉冶接种门诊"
3470	"仓头乡卫生院预防接种门诊"
