2160	"十堰市妇幼保健院西院区"
2161	"暂未开通"
2159	"十堰市疾病预防控制中心预防接种门诊"
2157	"十堰市妇幼保健院五堰院区"
1930	"十堰市人民医院"
2156	"十堰市妇幼保健院"
2158	"阳光栖谷社区医院"
5192	"襄阳谷城县疾控预防接种门诊"
227	"孝感市孝南区直门诊"
6639	"襄阳市宜城市疾控预防中心"
5909	"孝感市汉川市疾控中心西湖路接种门诊"
2298	"孝感孝南区书院社区卫生服务中心"
2297	"孝感孝南区玉泉路接种门诊"
2299	"孝感市孝南区广场社区卫生服务中心"
2300	"   "
2301	"孝感市妇幼保健院预防接种门诊（水利巷）"
2302	"孝感市孝南区车站社区卫生服务中心"
2304	"  孝感市妇幼保健院建设路预防接种门诊"
2988	"孝感孝南区新华街社区卫生服务中心"
5908	"孝感市汉川市疾病预防控制中心接种门诊"
5232	"孝南区妇幼保健院 预防接种门诊"
6070	"丹阳社区卫生服务中心预防接种门诊"
3000	"  "
1697	"武汉硚口区荣华街社区卫生服务中心"
1699	"武汉硚口区汉中街社区卫生服务中心"
1698	"武汉硚口区六角亭街社区卫生服务中心"
4625	"武汉市江岸区二七街社区卫生服务中心"
636	"武汉青山区普仁医院健康管理中心成人接种门诊"
631	"武汉江夏区纸坊社区卫生服务中心"
5413	"咸宁市疾病预防控制中心"
6083	"黄冈市麻城市歧亭镇卫生院"
6077	"黄冈市麻城市宋埠中心卫生院（麻城市第二人民医院）"
6081	"黄冈市麻城市铁门岗乡卫生院"
646	"武汉市新洲区妇幼保健院"
6086	"黄冈市麻城市顺河镇中心卫生院"
6082	"黄冈市麻城市中馆驿镇卫生院"
6087	"黄冈市麻城市乘马岗镇卫生院"
6096	"黄冈市麻城市经济开发区社区卫生服务中心"
6072	"黄冈市麻城市人民医院"
6089	"黄冈市麻城市黄土岗镇卫生院"
6088	"黄冈市麻城市福田河镇卫生院"
6076	"黄冈市麻城市北正街社区卫生服务中心"
6075	"黄冈市麻城市龙池办事处卫生院 "
6073	"黄冈市麻城市中医院"
6080	"黄冈市麻城市南湖办事处卫生院"
6078	"黄冈市麻城市南正街社区卫生服务中心（麻城市第三人民医院）"
6071	"黄冈市麻城市疾病预防控制中心"
6074	"黄冈市麻城市妇幼保健院"
6079	"黄冈市麻城市鼓楼办事处卫生院"
6095	"黄冈市麻城市白果中心卫生院"
6467	"黄冈市黄州区疾病预防控制中心"
