4857	"湘西州龙山县民安社区卫生服务中心"
6568	"湘西州凤凰县沱江镇中心卫生院"
4226	"湘西州吉首市镇溪社区卫生服务中心"
6379	"怀化市芷江侗族自治县妇幼保健院"
4229	"怀化鹤城区妇幼保健院"
4856	"怀化市妇幼保健院预防接种门诊"
3670	"张家界市永定区疾病预防控制中心门诊部"
6563	"隆回县疾病预防控制中心门诊"
4855	"常德市桃源县妇幼保健院"
6560	"常德市桃源县人民医院儿保科(1栋4楼)"
4223	"湖南省常德市武陵区疾病预防控制中心门诊"
4225	"邵阳市疾病预防控制中心"
6562	"邵东市两市塘街道社区卫生服务中心"
4255	"永州市冷水滩区梅湾社区卫生服务中心"
1797	"娄底市职业病防治医院接种门诊（娄底市疾病预防控制中心接种门诊）"
4733	"娄底市娄星区疾病预防控制中心预防接种门诊"
6380	"永州市祁阳市疾控中心"
6565	"岳阳市华容县章华卫生院"
6564	"岳阳市华容县妇幼保健院"
4230	"益阳赫山区妇幼保健院"
5483	"益阳市妇幼保健院"
4847	"长沙市宁乡市玉潭街道第二社区卫生服务中心"
6567	"岳阳市君山区妇幼保健院"
3654	"常宁市培元社区卫生服务中心"
6558	"长沙市岳麓区麓谷街道社区卫生服务中心"
4578	"岳阳市妇幼保健院"
4854	"衡阳市高新技术产业开发区华新医院(新院)"
3652	"岳阳市岳阳楼区妇幼保健院"
4224	"衡阳市"
6439	"长沙市望城区月亮岛街道社区卫生服务中心"
6554	"衡阳石鼓妇女儿童医院"
6566	"通海路社区卫生服务中心"
6556	"湖南航天医院儿童保健康复部"
6553	"衡阳市珠晖区广东路社区卫生服务中心(珠晖区妇幼保健院)"
4851	"长沙市岳麓区望岳街道社区卫生服务中心"
5172	"湖南妇女儿童医院"
4848	"长沙市天心区城南路街道社区卫生服务中心"
4220	"湖南省疾病预防控制中心门诊部"
4845	"湖南省妇幼保健院"
6437	"长沙市雨花区左家塘街道社区卫生服务中心"
1755	"开福区浏阳河街道社区卫生服务中心（请七天之内不口服任何药物）"
3653	"长沙市岳麓区桔子洲三真社区卫生服务中心"
4475	"定王台街道社区卫生服务中心"
4461	"湘潭雨湖区城正街道社区卫生服务中心"
5482	"湘潭市疾病预防控制中心成人门诊"
4850	"长沙市妇幼保健院"
4460	"长沙市疾病预防控制中心预防医学门诊部"
6559	"长沙市雨花区洞井街道社区卫生服务中心"
1756	"长沙市雨花区高桥街道社区卫生服务中心"
4849	"长沙市雨花区井湾子街道社区卫生服务中心"
4852	"长沙市长沙县星沙医院预防接种门诊（开元东路53号））"
