60	"茂名市疾病预防控制中心门诊部"
6014	"湛江廉江市车板镇卫生院"
6015	"湛江廉江市青平镇中心卫生院"
6013	"湛江廉江市营仔镇卫生院"
6021	"湛江廉江市石颈镇卫生院"
6012	"湛江廉江市安铺镇第二卫生院"
6020	"湛江廉江市雅塘镇卫生院"
6011	"湛江廉江市安铺镇中心卫生院"
6010	"湛江廉江市横山镇卫生院"
6022	"湛江廉江市和寮镇卫生院"
2831	"湛江市徐闻县迈陈中心卫生院"
3201	"湛江市雷州市新城社区卫生服务中心"
2734	"湛江徐闻迈陈中心卫生院"
58	"湛江市雷州市疾病预防控制中心门诊"
535	"湛江市雷州市疾病预防控制中心预防接种门诊"
3202	"湛江市雷州市第二人民医院"
6016	"湛江廉江市新民镇卫生院"
6017	"湛江廉江市吉水镇卫生院"
2961	"湛江市太平镇卫生院预防接种门诊"
1819	"廉江市妇幼保健院预防接种门诊"
2968	"廉江市城北街道社区卫生服务中心"
2967	"廉江市城南社区卫生服务中心"
2970	"廉江市城北街道社区卫生服务中心永兴门诊"
23	"湛江市廉江市中医院"
6018	"湛江廉江市河唇镇卫生院"
536	"遂溪县遂城卫生院预防接种门诊"
6023	"湛江廉江市石角镇卫生院"
2969	"廉江市罗州社区卫生服务中心"
6474	"广东省国营湖光农场医院"
3823	"湛江市徐闻县第二人民医院"
534	"湛江市徐闻县疾病预防控制中心预防接种门诊"
59	"湛江市徐闻县徐城区卫生服务中心"
4884	"湛江市麻章区麻章镇卫生院预防接种门诊"
4885	"湛江市麻章区湖光镇卫生院预防接种门诊"
1847	"湛江市赤坎区南桥街道卫生服务中心"
1849	"湛江市赤坎区民主街道卫生服务中心"
6019	"湛江廉江市良垌镇卫生院"
2964	"湛江市开发区民安镇卫生院预防接种门诊"
1846	"湛江市妇幼保健院儿保科（预防接种门诊）"
4365	"湛江市赤坎区中华街道社区卫生服务中心"
5121	"湛江市赤坎区妇幼保健院预防接种门诊"
1848	"湛江市赤坎区沙湾街道卫生服务中心"
6465	"湛江开发区仁瑞医院"
1850	"湛江市霞山区建设街道卫生服务中心"
1851	"湛江市霞山区海头街道社区卫生服务中心"
3195	"茂名市化州市中垌卫生院"
2962	"湛江开发区东山社区卫生服务中心"
1852	"湛江市霞山区海滨街道卫生服务中心"
1853	"湛江市霞山区解放、爱国街道卫生服务中心"
24	"湛江市农垦疾控中心预防接种门诊"
1854	"湛江市霞山区新园街道卫生服务中心"
