1885	"重庆市荣昌区昌州街道社区卫生服务中心"
1884	"重庆市荣昌区妇幼保健院"
1898	"重庆永川区集爱医院"
1897	"重庆永川区妇幼保健院"
1890	"铜梁区南城街道社区卫生服务中心"
1889	"铜梁区巴川街道社区卫生服务中心"
1888	"铜梁区妇幼保健院"
1895	"合川区合阳城社区卫生服务中心"
1896	"合川区南津街社区卫生服务中心"
1886	"璧山区妇幼保健院"
1887	"璧山区璧泉街道卫生院"
6455	"重庆市北碚区西南大学医院"
1892	"九龙坡区石桥铺社区卫生服务中心"
1879	"重庆渝北区龙山社区卫生服务中心"
1902	"大渡口区春晖路社区卫生服务中心"
1901	"大渡口区跃进村社区卫生服务中心"
71	"重庆万家燕医院(10月下旬再次放苗,关注微信号“苗到”,留言\"幸运夺宝\",.免费预约,每天都可能放苗）"
1891	"九龙坡区九龙社区卫生服务中心"
6100	"李家沱茶花广场新冠接种点"
5103	"002知苗大讲堂（请勿预约）"
1682	"巴南区鱼洞街道社区卫生服务中心"
1765	"重庆市巴南区鱼洞街道大江社区卫生服务中心"
1871	"重庆渝北两江新区人和社区卫生服务中心"
1894	"重庆五洲妇儿医院（关注重庆五洲妇儿医院公众号，快捷预约HPV疫苗，4价9价均少量现货）"
1893	"九龙坡区杨家坪社区卫生服务中心"
6647	"巴南区花溪街道社区卫生服务中心"
1681	"巴南区李家沱街道社区卫生服务中心 "
6101	"李家沱马王坪门诊新冠接种点"
1882	"巴南区龙洲湾街道社区卫生服务中心"
1870	"两江新区鸳鸯社区卫生服务中心"
6102	"李家沱麒龙服装城新冠接种点"
1877	"重庆渝北区回兴社区卫生服务中心"
1878	"重庆渝北区双龙湖社区卫生服务中心"
1883	"巴南区南泉街道社区卫生服务中心"
1899	"綦江区九龙社区卫生服务中心"
1900	"綦江区文龙社区卫生服务中心"
1866	"南川西城社区卫生服务中心"
1867	"南川东城社区卫生服务中心"
1865	"南川妇幼保健院"
1864	"南川南城卫生院"
1873	"垫江妇幼保健院"
1874	"垫江桂阳社区卫生服务中心"
6533	"垫江县桂溪社区服务中心红光接种门诊"
6532	"垫江县桂溪社区服务中心"
6535	"梁平区妇女儿童医院"
1876	"梁平区双桂街道社区卫生服务中心"
6534	"梁平区人民医院"
1875	"梁平区妇幼保健院"
6536	"梁平区梁山街道卫生服务中心"
1881	"丰都县妇幼保健院"
1907	"重庆武隆凤山街道预防接种门诊"
