2594	"六盘水盘州市翰林街道卫生院"
2595	"六盘水盘州市双凤镇卫生院"
5154	"黔西南州兴义市白碗窑镇卫生院"
3228	"黔西南州兴义市乌沙镇中心卫生院"
5148	"黔西南州普安县南湖社区卫生服务中心"
3229	"黔西南州兴义市木贾街道办社区卫生服务中心"
5149	"黔西南州普安县盘水社区卫生服务中心"
3227	"黔西南州兴义市下午屯街道社区卫生服务中心"
5156	"黔西南州兴义市陈东珍全科诊所"
2393	"黔西南州兴义市桔山街道办事处社区卫生服务中心"
5155	"黔西南州兴义市丰都街道办社区卫生院"
5157	"黔西南州义龙县顶效镇卫生院"
5150	"黔西南州兴义市下五屯街道卫生院"
5152	"黔西南州兴仁县东湖社区卫生服务中心"
5153	"黔西南州兴仁县妇幼保健院"
5158	"黔西南州义龙县龙广镇卫生院"
5144	"黔西南州安龙县街道办社区卫生服务中心。"
5159	"黔西南州贞丰县龙场卫生院"
5143	"黔西南州安龙县招堤街道办社区卫生服务中心"
2598	"安顺市关岭县花江镇卫生院"
2394	"黔西南州贞丰县疾控中心"
2597	"安顺市关岭县龙潭街道卫生院"
3231	"黔西南州贞丰县珉谷卫生院"
5146	"黔西南州册亨县丫他镇卫生院"
5147	"黔西南州册亨县冗渡镇卫生院"
5145	"黔西南州册亨县纳福街道办社区卫生院"
2596	"安顺市紫云县松山街道卫生院"
5151	"黔西南州望谟县王母街道卫生服务中心"
2634	"冠山社区卫生服务中心"
3450	"黔南州惠水县和平镇卫生院"
6547	"黔南州龙里县醒狮镇卫生院"
6548	"黔南州龙里县谷龙乡卫生院"
6546	"黔南州龙里县麻芝乡卫生院"
2620	"遵义市正安县妇幼保健院"
2642	"黔南州贵定县宝山社区卫生服务中心"
2640	"黔南州瓮安县瓮水社区卫生服务中心"
2632	"黔南州福泉市牛场中心卫生院"
6037	"金盆街道社区卫生服务中心"
2630	"金山社区卫生服务中心"
2631	"马场坪社区卫生服务中心"
5322	"黔南州都匀市沙包堡社区卫生服务中心"
2636	"谷脚镇卫生院"
5323	"黔南州都匀市广惠社区卫生服务中心"
2637	"龙山镇卫生院"
2635	"黔南州都匀市新华社区卫生服务中心"
3218	"麻江县杏山镇卫生院"
2638	"黔南州独山县百泉镇卫生院"
5134	"黔东南州黄平县旧州镇卫生院"
2639	"黔南州独山县基长镇卫生院"
2392	"黔东南州麻江县宣威镇卫生院"
6097	"铜仁市德江县疾病预防控制中心老区预防接种门诊"
