6578	"汉中市略阳县兴州卫生院"
5467	"汉中市宁强县疾病预防控制中心-预防接种门诊"
5443	"宝鸡市陇县妇幼保健院"
5394	"汉中市勉县疾病预防控制中心-预防接种门诊"
485	"宝鸡市渭滨区中医医院"
5444	"宝鸡市渭滨区石鼓镇卫生院"
5445	"宝鸡市渭滨区铁五处社区卫生服务站"
6574	"宝鸡市金台区东仁新城社区卫生服务中心"
484	"陕西省宝鸡市金台区东风路社区卫生服务中心"
2950	"南郑区疾控中心门诊"
4133	"宝鸡市金台区十里铺社区卫生服务中心"
5439	"宝鸡市凤翔县医院"
5395	"汉中市城固县疾病预防控制中心门诊部"
6370	"咸阳市长武县妇幼保健计划生育服务中心"
5441	"宝鸡市岐山县医院"
5442	"宝鸡市蔡家坡卫生院"
6575	"汉中市洋县陕健四零五医院预防接种门诊"
5440	"宝鸡市眉县妇幼保健院"
5475	"汉中市洋县洋州镇卫生院"
6025	"宝鸡市扶风县人民医院"
5405	"咸阳市彬州市妇幼计划生育服务中心"
5403	"咸阳市彬州市人民医院"
5404	"咸阳市彬州市中医院"
6577	"汉中市西乡县中医医院"
6576	"汉中市西乡县城北社区卫生服务中心"
6592	"西安市周至县青化镇卫生院"
5456	"咸阳市永寿县监军街道办卫生院接种门诊"
5406	"杨陵区农科路社区卫生服务中心"
6593	"西安市周至县竹峪镇卫生院"
6590	"西安市周至县哑柏镇卫生院"
6591	"西安市周至县翠峰镇卫生院"
6371	"咸阳市旬邑县疾控中心预防接种门诊"
6602	"西安市周至县骆峪镇卫生院"
5466	"志丹县社区卫生服务中心第二预防接种门诊"
6589	"西安市周至县四屯镇卫生院"
6594	"西安市周至县广济镇卫生院"
6588	"西安市周至县侯家村卫生院"
5451	"咸阳市武功县中医院"
5455	"咸阳市乾县城关卫生院"
5450	"咸阳市武功县车站医院"
6595	"西安市周至县马召中心卫生院"
6596	"西安市周至县辛家寨卫生院"
6597	"西安市周至县司竹镇卫生院"
6600	"西安市周至县楼观镇卫生院"
6598	"西安市周至县富仁镇卫生院"
5472	"咸阳市礼泉县城关卫生院"
6027	"榆林市横山区人民医院预防接种门诊"
5471	"咸阳市礼泉县妇幼保健计划生育服务中心"
6599	"西安市周至县终南中心卫生院"
5454	"咸阳市兴平市西城街道社区卫生服务中心"
6032	"咸阳市淳化县中医医院接种门诊"
