"北京市门头沟区门城地区大峪门诊"
"北京市门头沟区门矿医院"
"丰台区太平桥社区卫生服务中心"
"北京市丰台区二七北社区卫生服务中心"
"北京市门头沟区妙峰山镇社区中心"
"北京市海淀区聂各庄卫生院"
"北京市海淀区北安河社区卫生服务中心"
"北京市海淀区苏家坨镇社区卫生服务中心"
"北京市门头沟区京煤集团总医院"
"北京市门头沟区三家店社区站"
"北京市门头沟区葡东社区站"
"北京市门头沟区永定社区卫生服务中心"
"北京市石景山区广宁社区中心"
"北京海淀区温泉镇社区卫生服务中心"
"北京市石景山区金顶街社区卫生服务中心"
"北京海淀西北旺社区卫生服务中心"
"北京市石景山区古城卫生服务中心"
"北京市石景山区西黄村社区卫生服务中心"
"北京市石景山区八角中医院"
"北京海淀区上地社区卫生服务中心"
"北京市海淀区香山社区卫生服务中心"
"海淀区青龙桥社区卫生服务中心"
"北京市石景山区石景山医院"
"北京市石景山区鲁谷社区卫生服务中心"
"北京市石景山区老山门诊"
"海淀区田村路社区卫生服务中心"
"北京市石景山区八宝山第二社区门诊"
"北京市海淀区永定路社区卫生服务中心"
"北京市上地医院"
"北京房山区长阳镇恭和社区卫生服务中心"
"北京市海淀区海淀妇幼保健院"
"北京海淀区清河社区卫生服务中心"
"北京大学医院预防保健科"
"海淀区双榆树社区卫生服务中心"
"北京市海淀区北京外国语大学"
"北京市海淀区东升镇社区卫生服务中心"
"北京市海淀区北京圣宝妇产医院"
"北京市海淀区学院路社区卫生服务中心"
"海淀区蓟门里社区卫生服务中心"
"北京市海淀区西三旗社区卫生服务中心"
"北京海淀羊坊店社区卫生服务中心"
"北京市西城区新街口社区卫生服务中心"
"北京市海淀区北太平庄社区卫生服务中心"
"北京市海淀区花园路社区卫生服务中心"
"北京市西城区西长安社区卫生服务中心"
"北京市西城区金融街社区卫生服务中心"
"北京市西城区德胜门社区卫生服务中心"
"北京市西城区北京大学第一医院妇儿门诊"
"北京市西城区什刹海社区卫生服务中心"
"北京市丰台区鑫福里社区卫生服务中心"
"北京市丰台区木材厂职工医院"
