"石家庄市桥西区3302社区卫生服务中心"
"石家庄市桥西区玫瑰园社区卫生服务站"
"石家庄市桥西区海龙社区卫生服务站"
"石家庄市鹿泉区疾病预防控制中心"
"保定市安国市县直门诊"
"保定市阜平龙泉关卫生院"
"保定市阜平天生桥卫生院"
"保定市阜平吴王口卫生院"
"保定市阜平夏庄卫生院"
"保定市阜平砂窝卫生院"
"张家口桥西区人民医院"
"大境门社区卫生服务中心"
"张家口市经开区沈家屯镇卫生院"
"张家口经开区老鸦庄卫生院"
"阜平县医院"
"张家口经开区马路东社区卫生服务中心"
"保定市阜平妇幼保健计划生育服务中心"
"保定市阜平城南庄卫生院"
"保定市阜平阜平镇卫生院"
"保定市阜平史家寨卫生院"
"保定市阜平中医医院"
"保定市阜平中医医院接种门诊"
"石家庄市井陉县南陉乡卫生院"
"保定市涞源水堡镇卫生院"
"石家庄市井陉矿区贾庄镇中心卫生院"
"石家庄市井陉矿区凤山镇卫生院"
"保定市阜平大台卫生院"
"石家庄市井陉矿区矿市街道社区卫生服务中心"
"保定市阜平北果园卫生院"
"石家庄市井陉矿区横涧乡卫生院"
"保定市阜平王林口卫生院"
"保定市涞源马庄乡卫生院"
"石家庄市平山县妇幼院桥西接种门诊"
"石家庄市平山镇卫生院桥东接种门诊"
"石家庄市平山县平山镇卫生院"
"石家庄平山县疾控中心门诊"
"保定市涞源留家庄乡卫生院"
"石家庄市井陉县县医院预防接种门诊"
"保定市涞源北石佛乡卫生院"
"保定市阜平台峪卫生院"
"保定市涞源金家井乡卫生院"
"邯郸涉县涉城镇卫生院预防接种门诊"
"邯郸市涉县妇幼保健院"
"保定市涞源走马驿中心卫生院"
"邯郸涉县善谷医院"
"保定市阜平平阳卫生院"
"保定市涞源涞源镇中心卫生院"
"保定市涞源白石山镇卫生院"
"保定市涞源县妇幼保健院接种门诊"
"保定市涞源县中医院接种门诊"
"保定市涞源上庄乡中心卫生院"
