"齐齐哈尔甘南县甘南社区卫生服务中心"
"齐齐哈尔龙江县通达社区卫生服务中心"
"齐齐哈尔克东县祥和社区卫生服务中心"
"齐齐哈尔龙沙区五龙街道二厂社区卫生服务中心"
"齐齐哈尔建华区西大桥社区卫生服务中心"
"齐齐哈尔铁锋区东湖社区卫生服务中心"
"齐齐哈尔龙沙区彩虹社区卫生服务中心"
"齐齐哈尔讷河市兴华社区卫生服务中心"
"齐齐哈尔讷河市通江社区卫生服务中心"
"齐齐哈尔讷河市雨亭社区卫生服务中心"
"齐齐哈尔依安县依安社区卫生服务中心"
"黑河市爱辉区锦河农场"
"黑河市爱辉区花园社区卫生服务中心"
"黑河市五大连池市青山社区卫生服务中心"
"齐齐哈尔克山县克山社区卫生服务中心"
"大庆市让胡路区远望社区卫生服务中心"
"大庆市让胡路区彩虹社区卫生服务中心"
"大庆市红岗区红岗街道社区卫生服务中心"
"大庆市萨尔图区人民医院"
"克东县祥和社区卫生服务中心"
"大庆市龙凤区龙凤街道社区卫生服务中心"
"齐齐哈尔拜泉县南城社区卫生服务中心"
"齐齐哈尔拜泉县北城社区卫生服务中心"
"绥化市海伦市光华社区卫生服务中心"
"绥化市绥棱县社区卫生服务中心"
"绥化市北林区西城社区卫生服务中心"
"绥化市北林区大有社区卫生服务中心"
"绥化市北林区紫来社区卫生服务中心"
"绥化市北林区吉泰社区卫生服务中心"
"哈尔滨市松北区万宝社区卫生服务中心"
"哈尔滨市松北区松北社区卫生服务中心"
"哈尔滨市松北区利民社区卫生服务中心"
"哈尔滨市松北区松北镇卫生院"
"哈尔滨市道里区新发镇防保站"
"哈尔滨市道里区民生尚都社区卫生服务中心"
"哈尔滨市道里区群力家园社区卫生服务中心"
"哈尔滨市道里区工农社区卫生服务中心"
"哈尔滨市松北区松浦社区卫生服务中心"
"哈尔滨市双城区奋斗社区卫生服务中心"
"哈尔滨市松北区学院路社区卫生服务中心"
"哈尔滨市道里区正阳社区卫生服务中心"
"哈尔滨市道里区新华社区卫生服务中心"
"哈尔滨市双城区昌盛社区卫生服务中心"
"哈尔滨市道里区道里区爱建社区卫生服务中心"
"哈尔滨市双城区承旭社区卫生服务中心"
"哈尔滨市道里区安静社区卫生服务中心"
"哈尔滨市道里区城乡社区卫生服务中心"
"哈尔滨市道里区康安社区卫生服务中心"
"哈尔滨市道外区靖宇社区卫生服务中心"
"哈尔滨市南岗区王岗镇中心卫生医院"
"哈尔滨市道里区共乐社区卫生服务中心"
