"徐州市沛县鸳楼卫生院"
"常州市沛县龙固镇卫生院"
"徐州市沛县杨屯镇卫生院"
"徐州市沛县煤炭公司"
"徐州市沛县郝寨镇卫生院"
"徐州市沛县大屯卫生院"
"徐州市沛县城关镇卫生服务中心"
"徐州市沛县城镇卫生院"
"徐州市沛县城南卫生服务中心"
"徐州市沛县靖安卫生院"
"徐州市铜山区何桥医院"
"徐州市沛县胡寨镇卫生院"
"徐州市沛县张庄卫生院"
"徐州泉山区庞庄社区卫生服务中心"
"徐州泉山区城北社区卫生服务中心"
"徐州泉山区城西社区卫生服务中心"
"徐州泉山区开元社区卫生服务中心"
"徐州泉山区西苑社区卫生服务中心"
"徐州泉山区段庄社区卫生服务中心"
"徐州泉山区和平社区卫生服务中心"
"徐州泉山区湖滨社区卫生服务中心"
"徐州泉山区泉山社区卫生服务中心"
"徐州泉山区永安社区卫生服务中心"
"徐州泉山区奎山社区卫生服务中心"
"徐州市铜山区何桥医院"
"徐州泉山区泰山南社区卫生服务中心"
"徐州泉山区翟山社区卫生服务中心"
"徐州泉山区泰山社区卫生服务中心"
"徐州泉山区城南社区卫生服务中心"
"徐州邳州四院防保站"
"徐州邳州开发区防保站"
"徐州邳州二院防保站"
"徐州市邳州市开发区医院"
"徐州市邳州市四院"
"徐州市邳州市三院"
"徐州邳州三院防保站"
"宿迁宿城区王官集医院"
"宿迁宿城区蔡集医院"
"宿迁宿城区耿车卫计中心"
"宿城区妇幼保健所预防接种门诊"
"宿迁宿城区龙河医院"
"宿迁宿城区古城卫计中心"
"宿迁宿城区河滨卫计中心"
"宿迁宿豫区晓店医院"
"宿迁宿城区双庄卫计中心"
"宿迁宿城区项里卫计中心"
"宿迁宿城区中西医结合医院"
"宿迁宿城区埠子医院"
"宿迁宿豫区豫新医院"
"宿迁宿豫区塘湖医院"
"宿迁宿豫区下项街道卫计中心"
