"衢州市柯城区白云街道社区卫生服务中心"
"衢州市柯城区府山街道社区卫生服务中心"
"衢州市柯城区双港街道社区卫生服务中心"
"衢州市柯城区荷花街道社区卫生服务中心"
"衢州市柯城区信安街道社区卫生服务中心"
"衢州市柯城区新新街道社区卫生服务中心"
"衢州市柯城区衢化街道社区卫生服务中心"
"衢州市柯城区花园街道社区卫生服务中心"
"丽水市龙泉市宝溪乡卫生院"
"丽水市龙泉市住龙镇卫生院"
"丽水市龙泉市上垟镇中心卫生院"
"丽水市龙泉市竹垟乡卫生院"
"杭州市富阳区万市社区卫生服务中心"
"金华兰溪诸葛镇中心卫生院"
"杭州市富阳区洞桥镇社区卫生服务中心"
"丽水市龙泉市八都镇中心卫生院"
"金华兰溪游埠镇中心卫生院"
"金华兰溪永昌街道社区卫生服务中心"
"丽水市龙泉市锦溪镇中心卫生院"
"丽水市龙泉市查田镇中心卫生院"
"丽水市龙泉市小梅镇中心卫生院"
"杭州市富阳区胥口镇社区卫生服务中心"
"金华兰溪女埠街道中心卫生院"
"金华兰溪兰江街道社区卫生服务中心"
"湖州市吴兴区妙西镇社区卫生服务中心"
"杭州市富阳区永昌镇社区卫生服务中心"
"丽水市龙泉市西街街道社区卫生服务中心"
"丽水市龙泉市兰巨乡中心卫生院"
"丽水市龙泉市剑池街道社区卫生服务中心"
"丽水市龙泉市中医医院成人接种门诊"
"杭州市富阳区渌渚镇社区卫生服务中心"
"丽水市龙泉市龙渊街道社区卫生服务中心"
"杭州市富阳区新登镇社区卫生服务中心"
"湖州市吴兴区杨家埠镇社区卫生服务中心"
"金华兰溪灵洞乡卫生院"
"湖州市德清县武康镇中心卫生院上柏分院"
"湖州市德清县武康镇中心卫生院"
"湖州市吴兴区康山街道社区卫生服务中心"
"湖州市吴兴区凤凰街道社区卫生服务中心"
"湖州市吴兴区朝阳爱山街道社区卫生服务中心"
"丽水市庆元县松源街道社区卫生服务中心"
"湖州市吴兴区仁皇滨河街道社区卫生服务中心"
"湖州市吴兴区月河飞英街道社区卫生服务中心"
"湖州市吴兴区妇幼保健院"
"丽水市龙泉市石达石街道社区卫生服务中心"
"湖州市吴兴区环渚龙泉街道社区卫生服务中心"
"湖州市吴兴区道场乡社区卫生服务中心"
"杭州市富阳区春建乡社区卫生服务中心"
"杭州市富阳区新桐乡社区卫生服务中心"
"湖州市吴兴区东林镇社区卫生服务中心"
"湖州市德清县三合乡卫生院"
