"阜阳市界首市疾控中心预防接种门诊"
"亳州谯城区薛阁社区卫生服务中心"
"亳州谯城区汤陵社区卫生服务中心"
"亳州谯城区亳州兴华医院预防接种门诊"
"宿州市砀山疾控中心门诊"
"宿州市砀山砀城镇卫生院预防接种门诊"
"宿州市砀山砀城社区服务中心"
"亳州市涡阳县中医院接种门诊"
"亳州市涡阳县人民医院预防接种门诊"
"亳州涡阳县涡北社区卫生服务中心"
"亳州涡阳县城关社区卫生服务中心"
"亳州涡阳县城东社区卫生服务中心"
"亳州利辛县城北社区卫生服务中心"
"亳州利辛县城关镇卫生院"
"亳州利辛县城西社区卫生服务中心"
"六安市叶集区城关镇中心卫生院门诊"
"六安市金寨县梅山镇中心卫生院门诊"
"亳州蒙城县辛集卫生院"
"蒙城县城关社区卫生服务中心一门诊"
"亳州蒙城县庄周社区卫生服务中心"
"六安市霍邱县疾病预防控制中心门诊"
"宿州市萧县丁里镇卫生院预防接种门诊"
"宿州市萧县龙城镇卫生院预防接种门诊"
"宿州市萧县永固镇卫生院预防接种门诊"
"宿州市埇桥区符离镇卫生院"
"宿州市埇桥区南关防保所"
"宿州市埇桥区曹村医院"
"淮南市寿县城关镇中心卫生院门诊"
"六安市霍山县霍山县衡山镇卫生院"
"六安市裕安区新安镇预防接种门诊"
"六安市裕安区平桥乡中心卫生院门诊"
"六安市裕安区小华山街道社区卫生服务中心门诊"
"宿州市埇桥区朱仙庄镇卫生院"
"六安市金安区清水河街道社区卫生服务中心门诊"
"六安市金安区开发区社区卫生服务中心门诊"
"安庆市宿松县妇幼保健院"
"宿州市灵璧县浍沟卫生院接种门诊"
"蚌埠市禹会区绿地社区"
"蚌埠市淮上区小蚌埠镇卫生院"
"宿州市灵璧县灵城卫生院接种门诊"
"蚌埠市蚌山区蚌埠市疾控门诊"
"安庆市望江县雅滩镇中心卫生院"
"宿州市灵璧县冯庙卫生院接种门诊"
"六安市舒城县城关镇中心卫生院门诊"
"合肥市高新区永和社区卫生服务中心"
"滁州市凤阳县府城镇中心卫生院"
"合肥蜀山区荷叶地街道社区卫生服务中心"
"合肥蜀山区疾病预防控制中心"
"合肥市庐阳区海棠街道社区卫生服务中心"
"合肥包河区芜湖路街道社区卫生服务中心"
"安徽省立医院"
