"龙岩市武平县城区社区卫生服务中心"
"龙岩市长汀县大同社区卫生服务中心"
"龙岩市长汀县濯田中心卫生院"
"龙岩市长汀县汀州社区卫生服务中心"
"龙岩市上杭临城卫生院"
"龙岩市上杭南阳卫生院"
"龙岩市永定高陂卫生院"
"龙岩市永定抚市卫生院"
"龙岩市新罗区东城社区卫生服务中心"
"龙岩市新罗区曹溪社区卫生服务中心"
"龙岩市新罗区西城社区卫生服务中心"
"龙岩市新罗区东肖社区卫生服务中心"
"漳州市诏安深桥卫生院"
"漳州市平和县城关社区卫生服务中心"
"漳州市诏安南诏社区卫生服务中心"
"漳州市平和县山格镇卫生院"
"漳州市南靖县山城镇社区卫生服务中心"
"漳州市云霄云陵社区卫生服务中心"
"漳州市云霄莆美卫生院"
"漳州市南靖县靖城中心卫生院"
"漳州市漳浦县盘陀卫生院"
"漳州市芗城区上墩卫生院"
"南平市延平区四鹤街道社区卫生服务中心"
"漳州市芗城区通北社区卫生服务中心"
"漳州市芗城区东铺头社区卫生服务中心"
"漳州市芗城区巷口街道社区卫生服务中心"
"漳州市龙文区步文社区卫生服务中心"
"漳州市妇幼保健院"
"漳州市龙文区朝阳社区卫生服务中心"
"漳州市长泰县武安社区卫生服务中心"
"漳州市龙文区蓝田社区卫生服务中心"
"漳州市漳浦县古雷卫生院"
"漳州市漳浦县旧镇卫生院"
"漳州市龙海市榜山卫生院"
"漳州市龙海市海澄卫生院"
"厦门市海沧区东孚镇卫生院"
"泉州市永春县达埔卫生院"
"泉州市安溪县金谷卫生院"
"厦门市集美区灌口中心卫生院"
"泉州市安溪县龙门中心卫生院"
"漳州市漳浦县佛昙卫生院"
"厦门市集美区后溪镇卫生院"
"泉州市德化浔中镇社区卫生服务中心"
"厦门市海沧区新阳街道社区卫生服务中心"
"厦门市同安区莲花卫生院"
"厦门市海沧区石塘社区卫生服务中心"
"厦门市集美区杏林街道社区卫生服务中心"
"漳州市龙海市港尾卫生院"
"厦门市海沧区嵩屿街道社区卫生服务中心"
"泉州市安溪县城厢卫生院"
"泉州市安溪县城关社区卫生计生服务中心"
