"聊城冠县东古城预防接种门诊"
"聊城冠县北陶预防接种门诊"
"聊城冠县斜店预防接种门诊"
"聊城市冠县万善预防接种门诊"
"聊城冠县崇文街道办事处社区卫生服务中心预防接种门诊"
"聊城临清市潘庄镇卫生院预防接种门诊"
"聊城冠县工业南路预防接种门诊"
"聊城冠县清泉街道办事处社区卫生服务中心预防接种门诊"
"聊城冠县店子预防接种门诊"
"聊城冠县清水预防接种门诊"
"聊城冠县梁堂预防接种门诊"
"聊城临清市唐园镇卫生院预防接种门诊"
"聊城莘县王奉预防接种门诊"
"聊城冠县烟庄街道办事处社区卫生服务中心预防接种门诊"
"聊城冠县兰沃预防接种门诊"
"聊城冠县白集预防接种门诊"
"聊城冠县桑阿镇预防接种门诊"
"聊城临清市人民医院分院预防接种门诊"
"聊城临清市八岔路镇卫生院预防接种门诊"
"聊城冠县甘屯预防接种门诊"
"聊城临清市第四人民医院预防接种门诊"
"聊城临清市第三人民医院预防接种门诊"
"聊城临清市人民医院预防接种门诊"
"聊城莘县大王寨预防接种门诊"
"聊城市第二人民医院预防接种门诊"
"聊城临清市妇幼保健院预防接种门诊"
"聊城莘县大张家镇卫生院预防接种门诊"
"聊城冠县贾镇预防接种门诊"
"聊城临清市青年新区卫生服务中心预防接种门诊"
"聊城莘县魏庄镇预防接种门诊"
"聊城临清市中医院预防接种门诊"
"聊城临清市尚店镇卫生院预防接种门诊"
"聊城冠县范寨预防接种门诊"
"聊城莘县俎店卫生院预防接种门诊"
"聊城莘县古云镇预防接种门诊"
"聊城冠县柳林预防接种门诊"
"聊城冠县辛集预防接种门诊"
"聊城临清市先锋办事处卫生院预防接种门诊"
"聊城临清大辛庄办事处卫生院预防接种门诊"
"聊城莘县观城镇预防接种门诊"
"聊城莘县张寨预防接种门诊"
"聊城冠县定寨预防接种门诊"
"聊城莘县张鲁卫生院预防接种门诊"
"聊城临清市新华办事处卫生院预防接种门诊"
"聊城莘县燕店预防接种门诊"
"聊城莘县王庄集预防接种门诊"
"聊城莘县眼科医院樱桃园预防接种门诊"
"聊城莘县妹冢卫生院预防接种门诊"
"聊城临清市烟店镇卫生院预防接种门诊"
"聊城临清市刘垓子镇中心卫生院预防接种门诊"
"聊城临清松林中心卫生院预防接种门诊"
