"河南省灵宝市疾病预防控制中心门诊"
"河南省三门峡市陕州区疾病预防控制中心门诊"
"河南省三门峡市疾病预防控制中心门诊"
"河南省三门峡市湖滨区疾病预防控制中心门诊"
"河南省卢氏县疾病预防控制中心门诊"
"河南省三门峡卢氏县疾控中心门诊"
"三门峡渑池县疾病预防控制中心门诊"
"南阳市西峡县CDC门诊"
"三门峡市义马市疾病预防控制中心门诊"
"洛阳宜阳县锦屏镇卫生院预防接种门诊"
"洛阳市涧西区长安路社区卫生服务中心"
"洛阳市涧西区南昌路社区卫生服务中心"
"洛阳市西工区金谷园社区卫生服务中心"
"洛阳市洛龙科技园社区卫生服务中心"
"洛阳洛龙古城乡卫生院预防接种门诊"
"洛阳西工凯东社区卫生服务中心"
"济源市人民医院北海社区卫生服务中心"
"洛阳市洛龙区安乐镇卫生院"
"洛阳市洛龙区开元东社区卫生服务中心"
"济源市妇幼保健院"
"洛阳洛龙区和光园社区卫生服务中心"
"洛阳洛龙区翠云路社区卫生服务中心"
"洛阳市妇幼保健院"
"洛阳洛龙龙门镇卫生院预防接种门诊"
"洛阳市洛龙区龙门社区卫生服务中心"
"洛阳洛龙区关林社区卫生服务中心"
"洛阳市洛龙区关林镇卫生院"
"洛阳市洛龙区李楼乡卫生院"
"洛阳市洛龙区白马寺镇卫生院"
"平顶山鲁山县尧山镇卫生院预防接种门诊"
"南阳市邓州市疾病预防控制中心"
"平顶山鲁山县赵村镇卫生院预防接种门诊"
"焦作孟州市河阳卫生院"
"偃师市迎宾社区卫生服务中心"
"平顶山市鲁山县土门卫生院预防接种门诊"
"平顶山市鲁山县背孜乡卫生院预防接种门诊"
"焦作沁阳市沁园社区联盟医院"
"平顶山鲁山县四棵树乡卫生院预防接种门诊"
"平顶山鲁山县瓦屋镇卫生院预防接种门诊"
"焦作博爱县清化镇卫生院"
"董周乡卫生院预防接种门诊"
"南阳市卧龙区南石医院"
"平顶山鲁山县下汤镇卫生院预防接种门诊"
"平顶山鲁山县观音寺乡卫生院预防接种门诊"
"南阳市卧龙岗街道社区卫生服务中心"
"平顶山市鲁山县团城乡卫生院预防接种门诊"
"平顶山市宝丰县观音堂乡卫生院预防接种门诊"
"南阳市卧龙区中心门诊"
"南阳市卧龙区妇婴医院"
"南阳市宛城区疾病预防控制中心汉冶接种门诊"
"仓头乡卫生院预防接种门诊"
