"十堰市妇幼保健院西院区"
"暂未开通"
"十堰市疾病预防控制中心预防接种门诊"
"十堰市妇幼保健院五堰院区"
"十堰市人民医院"
"十堰市妇幼保健院"
"阳光栖谷社区医院"
"襄阳谷城县疾控预防接种门诊"
"孝感市孝南区直门诊"
"襄阳市宜城市疾控预防中心"
"孝感市汉川市疾控中心西湖路接种门诊"
"孝感孝南区书院社区卫生服务中心"
"孝感孝南区玉泉路接种门诊"
"孝感市孝南区广场社区卫生服务中心"
"   "
"孝感市妇幼保健院预防接种门诊（水利巷）"
"孝感市孝南区车站社区卫生服务中心"
"  孝感市妇幼保健院建设路预防接种门诊"
"孝感孝南区新华街社区卫生服务中心"
"孝感市汉川市疾病预防控制中心接种门诊"
"孝南区妇幼保健院 预防接种门诊"
"丹阳社区卫生服务中心预防接种门诊"
"  "
"武汉硚口区荣华街社区卫生服务中心"
"武汉硚口区汉中街社区卫生服务中心"
"武汉硚口区六角亭街社区卫生服务中心"
"武汉市江岸区二七街社区卫生服务中心"
"武汉青山区普仁医院健康管理中心成人接种门诊"
"武汉江夏区纸坊社区卫生服务中心"
"咸宁市疾病预防控制中心"
"黄冈市麻城市歧亭镇卫生院"
"黄冈市麻城市宋埠中心卫生院（麻城市第二人民医院）"
"黄冈市麻城市铁门岗乡卫生院"
"武汉市新洲区妇幼保健院"
"黄冈市麻城市顺河镇中心卫生院"
"黄冈市麻城市中馆驿镇卫生院"
"黄冈市麻城市乘马岗镇卫生院"
"黄冈市麻城市经济开发区社区卫生服务中心"
"黄冈市麻城市人民医院"
"黄冈市麻城市黄土岗镇卫生院"
"黄冈市麻城市福田河镇卫生院"
"黄冈市麻城市北正街社区卫生服务中心"
"黄冈市麻城市龙池办事处卫生院 "
"黄冈市麻城市中医院"
"黄冈市麻城市南湖办事处卫生院"
"黄冈市麻城市南正街社区卫生服务中心（麻城市第三人民医院）"
"黄冈市麻城市疾病预防控制中心"
"黄冈市麻城市妇幼保健院"
"黄冈市麻城市鼓楼办事处卫生院"
"黄冈市麻城市白果中心卫生院"
"黄冈市黄州区疾病预防控制中心"
