"湘西州龙山县民安社区卫生服务中心"
"湘西州凤凰县沱江镇中心卫生院"
"湘西州吉首市镇溪社区卫生服务中心"
"怀化市芷江侗族自治县妇幼保健院"
"怀化鹤城区妇幼保健院"
"怀化市妇幼保健院预防接种门诊"
"张家界市永定区疾病预防控制中心门诊部"
"隆回县疾病预防控制中心门诊"
"常德市桃源县妇幼保健院"
"常德市桃源县人民医院儿保科(1栋4楼)"
"湖南省常德市武陵区疾病预防控制中心门诊"
"邵阳市疾病预防控制中心"
"邵东市两市塘街道社区卫生服务中心"
"永州市冷水滩区梅湾社区卫生服务中心"
"娄底市职业病防治医院接种门诊（娄底市疾病预防控制中心接种门诊）"
"娄底市娄星区疾病预防控制中心预防接种门诊"
"永州市祁阳市疾控中心"
"岳阳市华容县章华卫生院"
"岳阳市华容县妇幼保健院"
"益阳赫山区妇幼保健院"
"益阳市妇幼保健院"
"长沙市宁乡市玉潭街道第二社区卫生服务中心"
"岳阳市君山区妇幼保健院"
"常宁市培元社区卫生服务中心"
"长沙市岳麓区麓谷街道社区卫生服务中心"
"岳阳市妇幼保健院"
"衡阳市高新技术产业开发区华新医院(新院)"
"岳阳市岳阳楼区妇幼保健院"
"衡阳市"
"长沙市望城区月亮岛街道社区卫生服务中心"
"衡阳石鼓妇女儿童医院"
"通海路社区卫生服务中心"
"湖南航天医院儿童保健康复部"
"衡阳市珠晖区广东路社区卫生服务中心(珠晖区妇幼保健院)"
"长沙市岳麓区望岳街道社区卫生服务中心"
"湖南妇女儿童医院"
"长沙市天心区城南路街道社区卫生服务中心"
"湖南省疾病预防控制中心门诊部"
"湖南省妇幼保健院"
"长沙市雨花区左家塘街道社区卫生服务中心"
"开福区浏阳河街道社区卫生服务中心（请七天之内不口服任何药物）"
"长沙市岳麓区桔子洲三真社区卫生服务中心"
"定王台街道社区卫生服务中心"
"湘潭雨湖区城正街道社区卫生服务中心"
"湘潭市疾病预防控制中心成人门诊"
"长沙市妇幼保健院"
"长沙市疾病预防控制中心预防医学门诊部"
"长沙市雨花区洞井街道社区卫生服务中心"
"长沙市雨花区高桥街道社区卫生服务中心"
"长沙市雨花区井湾子街道社区卫生服务中心"
"长沙市长沙县星沙医院预防接种门诊（开元东路53号））"
