"茂名市疾病预防控制中心门诊部"
"湛江廉江市车板镇卫生院"
"湛江廉江市青平镇中心卫生院"
"湛江廉江市营仔镇卫生院"
"湛江廉江市石颈镇卫生院"
"湛江廉江市安铺镇第二卫生院"
"湛江廉江市雅塘镇卫生院"
"湛江廉江市安铺镇中心卫生院"
"湛江廉江市横山镇卫生院"
"湛江廉江市和寮镇卫生院"
"湛江市徐闻县迈陈中心卫生院"
"湛江市雷州市新城社区卫生服务中心"
"湛江徐闻迈陈中心卫生院"
"湛江市雷州市疾病预防控制中心门诊"
"湛江市雷州市疾病预防控制中心预防接种门诊"
"湛江市雷州市第二人民医院"
"湛江廉江市新民镇卫生院"
"湛江廉江市吉水镇卫生院"
"湛江市太平镇卫生院预防接种门诊"
"廉江市妇幼保健院预防接种门诊"
"廉江市城北街道社区卫生服务中心"
"廉江市城南社区卫生服务中心"
"廉江市城北街道社区卫生服务中心永兴门诊"
"湛江市廉江市中医院"
"湛江廉江市河唇镇卫生院"
"遂溪县遂城卫生院预防接种门诊"
"湛江廉江市石角镇卫生院"
"廉江市罗州社区卫生服务中心"
"广东省国营湖光农场医院"
"湛江市徐闻县第二人民医院"
"湛江市徐闻县疾病预防控制中心预防接种门诊"
"湛江市徐闻县徐城区卫生服务中心"
"湛江市麻章区麻章镇卫生院预防接种门诊"
"湛江市麻章区湖光镇卫生院预防接种门诊"
"湛江市赤坎区南桥街道卫生服务中心"
"湛江市赤坎区民主街道卫生服务中心"
"湛江廉江市良垌镇卫生院"
"湛江市开发区民安镇卫生院预防接种门诊"
"湛江市妇幼保健院儿保科（预防接种门诊）"
"湛江市赤坎区中华街道社区卫生服务中心"
"湛江市赤坎区妇幼保健院预防接种门诊"
"湛江市赤坎区沙湾街道卫生服务中心"
"湛江开发区仁瑞医院"
"湛江市霞山区建设街道卫生服务中心"
"湛江市霞山区海头街道社区卫生服务中心"
"茂名市化州市中垌卫生院"
"湛江开发区东山社区卫生服务中心"
"湛江市霞山区海滨街道卫生服务中心"
"湛江市霞山区解放、爱国街道卫生服务中心"
"湛江市农垦疾控中心预防接种门诊"
"湛江市霞山区新园街道卫生服务中心"
