"攀枝花东区东区炳红星社区卫生服务中心"
"攀枝花东区东区炳三区社区卫生服务中心"
"攀枝花东区东区大渡口社区卫生服务中心"
"攀枝花仁和区仁和区妇幼保健院"
"雅安石棉县妇女儿童医院（新棉社区）"
"凉山州西昌市cdc门诊"
"凉山州西昌市东城社区卫生服务中心"
"雅安汉源县九襄镇卫生院"
"雅安汉源县富林镇卫生院"
"雅安天全县城厢镇社区卫生服务中心"
"雅安荥经县严道镇卫生院"
"雅安芦山县芦阳镇卫生院"
"雅安雨城区对岩中心卫生院"
"雅安芦山县龙门乡中心卫生院"
"雅安雨城区南二路社区卫生服务中心"
"雅安雨城区北郊中心卫生院"
"雅安雨城区华兴街社区卫生服务中心"
"雅安雨城区姚桥社区卫生服务中心"
"雅安雨城区大兴镇卫生院"
"雅安名山区蒙阳镇社区卫生服务中心"
"雅安雨城区草坝中心卫生院"
"雅安名山区新店镇中心卫生院"
"成都市大邑县出江镇公立卫生院"
"雅安名山区黑竹镇卫生院"
"成都市邛崃市平乐公立卫生院"
"成都市大邑县鹤鸣乡公立卫生院"
"成都市大邑县悦来镇公立卫生院"
"成都市大邑县金星乡公立卫生院"
"眉山洪雅县洪川镇社区卫生服务中心"
"乐山峨眉山市龙池卫生院"
"乐山夹江县华头卫生院"
"成都市大邑县青霞镇公立卫生院"
"成都市大邑县三岔镇公立卫生院"
"成都市大邑县芙蓉社区卫生服务中心"
"乐山峨眉山市黄湾卫生院"
"成都市都江堰幸福社区卫生服务中心"
"成都市大邑县苏家镇公立卫生院"
"眉山丹棱社区卫生服务中心"
"乐山夹江县木城卫生院"
"乐山峨眉山市万寿宫社区"
"乐山峨眉山市罗目卫生院"
"成都市大邑县大邑安仁镇公立卫生院"
"成都市大邑县上安镇公立卫生院"
"乐山峨眉山市社区卫生服务中心"
"乐山峨眉山市胜利卫生院"
"乐山峨眉山市九里卫生院"
"乐山峨眉山市桂花卫生院"
"乐山峨眉山市符溪卫生院"
"乐山沙湾区文豪社区"
"成都市郫都区友爱街道卫生院"
"成都市大邑县董场镇公立卫生院"
