"六盘水盘州市翰林街道卫生院"
"六盘水盘州市双凤镇卫生院"
"黔西南州兴义市白碗窑镇卫生院"
"黔西南州兴义市乌沙镇中心卫生院"
"黔西南州普安县南湖社区卫生服务中心"
"黔西南州兴义市木贾街道办社区卫生服务中心"
"黔西南州普安县盘水社区卫生服务中心"
"黔西南州兴义市下午屯街道社区卫生服务中心"
"黔西南州兴义市陈东珍全科诊所"
"黔西南州兴义市桔山街道办事处社区卫生服务中心"
"黔西南州兴义市丰都街道办社区卫生院"
"黔西南州义龙县顶效镇卫生院"
"黔西南州兴义市下五屯街道卫生院"
"黔西南州兴仁县东湖社区卫生服务中心"
"黔西南州兴仁县妇幼保健院"
"黔西南州义龙县龙广镇卫生院"
"黔西南州安龙县街道办社区卫生服务中心。"
"黔西南州贞丰县龙场卫生院"
"黔西南州安龙县招堤街道办社区卫生服务中心"
"安顺市关岭县花江镇卫生院"
"黔西南州贞丰县疾控中心"
"安顺市关岭县龙潭街道卫生院"
"黔西南州贞丰县珉谷卫生院"
"黔西南州册亨县丫他镇卫生院"
"黔西南州册亨县冗渡镇卫生院"
"黔西南州册亨县纳福街道办社区卫生院"
"安顺市紫云县松山街道卫生院"
"黔西南州望谟县王母街道卫生服务中心"
"冠山社区卫生服务中心"
"黔南州惠水县和平镇卫生院"
"黔南州龙里县醒狮镇卫生院"
"黔南州龙里县谷龙乡卫生院"
"黔南州龙里县麻芝乡卫生院"
"遵义市正安县妇幼保健院"
"黔南州贵定县宝山社区卫生服务中心"
"黔南州瓮安县瓮水社区卫生服务中心"
"黔南州福泉市牛场中心卫生院"
"金盆街道社区卫生服务中心"
"金山社区卫生服务中心"
"马场坪社区卫生服务中心"
"黔南州都匀市沙包堡社区卫生服务中心"
"谷脚镇卫生院"
"黔南州都匀市广惠社区卫生服务中心"
"龙山镇卫生院"
"黔南州都匀市新华社区卫生服务中心"
"麻江县杏山镇卫生院"
"黔南州独山县百泉镇卫生院"
"黔东南州黄平县旧州镇卫生院"
"黔南州独山县基长镇卫生院"
"黔东南州麻江县宣威镇卫生院"
"铜仁市德江县疾病预防控制中心老区预防接种门诊"
