"保山市隆阳区青华街道社区卫生服务中心"
"大理永平县妇幼保健院"
"大理市妇幼保健院"
"大理市幸福社区卫生服务中心"
"临沧市临翔区妇幼保健院"
"大理 弥城镇卫生院"
"大理宾川金牛镇卫生院"
"普洱市思茅区南屏镇卫生院"
"普洱市思茅区思茅镇卫生院"
"普洱市思茅区南屏镇凤凰社区服务中心"
"楚雄州姚安县栋川卫生院"
"楚雄州大姚县金碧卫生院"
"楚雄州楚雄市经开医院"
"楚雄州楚雄市中大街社区卫生服务中心"
"楚雄州永仁县永定卫生院"
"楚雄州元谋县元马镇卫生院"
"普洱市墨江县联珠镇卫生院"
"楚雄州禄丰县金山镇卫生院"
"楚雄州武定县狮山镇卫生院"
"昆明市禄劝县屏山卫生院"
"昆明市富民县永定街道卫生院"
"昆明市安宁市鑫湖医院"
"石屏县异龙镇卫生院"
"昆明市西山区碧鸡社区卫生服务中心"
"昆明市西山区海口社区卫生服务中心"
"昆明市五华区高新北区社区卫生服务中心"
"昆明市西山区棕树营社区卫生服务中心"
"昆明市五华区虹山社区卫生服务中心"
"昆明市西山区联顿医院"
"昆明市西山区福海社区卫生服务中心"
"昆明市五华区五华区普吉社区卫生服务中心"
"昆明市西山区船房社区卫生服务站"
"昆明市西山区福海福康社区卫生服务站"
"昆明市西山区金碧社区卫生服务中心"
"昆明市五华区云南现代妇产医院"
"昆明市西山区西坝南社区卫生服务站"
"昆明市妇幼保健院（丹霞路院区）"
"昆明市西山区博亚医院"
"15398557686"
"昆明市五华区昆明医科大学第一附属医院"
"昆明市五华区五华区莲华长城社区卫生服务站"
"昆明市西山区杨家社区卫生服务站"
"昆明市妇幼保健院"
"昆明市西山区永昌西社区卫生服务中心"
"昆明市五华区华山社区卫生服务中心"
"昆明市五华区五华区大观社区卫生服务中心"
"昆明市西山区同仁医院"
"昆明市盘龙区昆明玛莉亚医院"
"昆明市西山区佳湖社区卫生服务站"
"昆明市西山区金河社区卫生服务站"
"昆明市西山区前兴社区卫生服务站"
