"汉中市略阳县兴州卫生院"
"汉中市宁强县疾病预防控制中心-预防接种门诊"
"宝鸡市陇县妇幼保健院"
"汉中市勉县疾病预防控制中心-预防接种门诊"
"宝鸡市渭滨区中医医院"
"宝鸡市渭滨区石鼓镇卫生院"
"宝鸡市渭滨区铁五处社区卫生服务站"
"宝鸡市金台区东仁新城社区卫生服务中心"
"陕西省宝鸡市金台区东风路社区卫生服务中心"
"南郑区疾控中心门诊"
"宝鸡市金台区十里铺社区卫生服务中心"
"宝鸡市凤翔县医院"
"汉中市城固县疾病预防控制中心门诊部"
"咸阳市长武县妇幼保健计划生育服务中心"
"宝鸡市岐山县医院"
"宝鸡市蔡家坡卫生院"
"汉中市洋县陕健四零五医院预防接种门诊"
"宝鸡市眉县妇幼保健院"
"汉中市洋县洋州镇卫生院"
"宝鸡市扶风县人民医院"
"咸阳市彬州市妇幼计划生育服务中心"
"咸阳市彬州市人民医院"
"咸阳市彬州市中医院"
"汉中市西乡县中医医院"
"汉中市西乡县城北社区卫生服务中心"
"西安市周至县青化镇卫生院"
"咸阳市永寿县监军街道办卫生院接种门诊"
"杨陵区农科路社区卫生服务中心"
"西安市周至县竹峪镇卫生院"
"西安市周至县哑柏镇卫生院"
"西安市周至县翠峰镇卫生院"
"咸阳市旬邑县疾控中心预防接种门诊"
"西安市周至县骆峪镇卫生院"
"志丹县社区卫生服务中心第二预防接种门诊"
"西安市周至县四屯镇卫生院"
"西安市周至县广济镇卫生院"
"西安市周至县侯家村卫生院"
"咸阳市武功县中医院"
"咸阳市乾县城关卫生院"
"咸阳市武功县车站医院"
"西安市周至县马召中心卫生院"
"西安市周至县辛家寨卫生院"
"西安市周至县司竹镇卫生院"
"西安市周至县楼观镇卫生院"
"西安市周至县富仁镇卫生院"
"咸阳市礼泉县城关卫生院"
"榆林市横山区人民医院预防接种门诊"
"咸阳市礼泉县妇幼保健计划生育服务中心"
"西安市周至县终南中心卫生院"
"咸阳市兴平市西城街道社区卫生服务中心"
"咸阳市淳化县中医医院接种门诊"
